<?xml version="1.0" encoding="UTF-8"?>
<beans xmlns="http://www.springframework.org/schema/beans" 
       xmlns:xsi="http://www.w3.org/2001/XMLSchema-instance"
       xsi:schemaLocation="http://www.springframework.org/schema/beans   http://www.springframework.org/schema/beans/spring-beans.xsd">

  <bean id="dataSource" class="org.apache.commons.dbcp.BasicDataSource">
    <property name="defaultAutoCommit" value="false" />
    <property name="url" value="jdbc:h2:mem:activiti;DB_CLOSE_DELAY=1000" />
    <property name="driverClassName" value="org.h2.Driver" />
    <property name="username" value="sa" />
    <property name="password" value="" />
  </bean>

  <bean id="processEngineConfiguration" class="org.activiti.engine.impl.cfg.StandaloneProcessEngineConfiguration">
    <property name="dataSource" ref="dataSource" />
    
    <!-- Database configurations -->
    <property name="databaseSchemaUpdate" value="true" />
    
    <!-- 
        job executor configurations 
        NOTE this must be true to evaluate timers. 
    -->
    <property name="jobExecutorActivate" value="true" />
    
    <!-- history configuration, 'audit' is default -->
    <property name="history" value="full" />    
  </bean>

</beans>
